SV PROC_SYSTEM_UPGRADE_PREPARATION    00:02:12 
SV PROC_SET_SYSTEM_LIST    00:01:00 
SV PROC_IBU_SAVE_CONFIGURATION    00:02:03 
SV PROC_17A_WA_LDE_SCALING_RPM_CHECK    00:00:18 
SV PROC_SYSTEM_AUDIT    00:13:47 
SV PROC_ROUTER_CONFIGURATION_GENERATION    00:00:17 
SV PROC_DATABASE_VALIDATION    00:00:27 
SV PROC_17A_GENERATE_FINGERPRINT    00:00:18 
SV PROC_IBU_ADAPT_CONFIGURATION    00:01:47 
SV PROC_17A_IBU_LDAP_REWRITE_ON    00:00:18 
SI PROC_17A_CHECK_LKF    00:00:17 
SI PROC_17A_MULTI_VALUE_OBJECTS    00:00:20 
SI PROC_17A_SM_BEFORE_UPGRADE    00:00:17 
SI PROC_SET_SOBR_OFF    00:01:05 
SI PROC_PREPARE_APP_SCHEMA_UPDATE    00:00:03 
SI PROC_CHECK_AND_UPDATE_HEXINDEX_AND_DS_SQLS    00:00:19 
SI PROC_FIX_APP_UNDO_SQL_FILES    00:00:21 
SI PROC_SCHEMA_UPG_PREV_ACTIONS    00:00:18 
SI PROC_RUN_SITE_APP_SCHEMA_UPDATE    00:00:00 
SI PROC_ADD_NEW_IDENTITIES_APP_SCHEMA_UPDATE    00:00:01 
SI PROC_SCHEMA_UPG_FINAL_ACTIONS    00:00:18 
SI PROC_CLUSTER_SQL_UPGRADE_SI    00:04:38 
SI PROC_SW_BACKUP    00:03:20 
SI PROC_MODIFY_SLAVE_TYPE_CONV_SI    00:00:18 
SI PROC_IBU_READAPT_CONFIGURATION    00:01:50 
NI PROC_PREVIOUS_CHECKS    00:05:15 
NI PROC_TAKE_NODE_OUT    00:09:52 
NI PROC_SAVE_NODE_STATUS    00:00:00 
NI PROC_NODE_PREVIOUS_ACTIONS    00:00:26 
NI PROC_17A_WA_FOR_HU62015_PXELINUX_CONF    00:00:00 
NI PROC_ROUTER_CONFIGURATION_LOAD    00:00:00 
NI PROC_17A_PAM_CONFIG_PREADAPTATION    00:00:00 
NI PROC_17A_WA_REINSTALL_FAULTY_RPMS_HV34791    00:00:00 
NI PROC_17A_IBU_SW_RESTORE    00:00:00 
NI PROC_SAVE_NODE_STATUS_FALLBACK    00:00:00 
NI PROC_IBU_INSTALL_AIT    00:00:57 
NI PROC_IBU_CONFIGURE_AIT    00:00:00 
NI PROC_IBU_START_AIT    00:00:16 
-S PROC_IBU_REMOVE_CUDB_AND_PLATFORM    00:00:01 
-S PROC_IBU_REMOVE_REMAINED_ARTIFACTS    00:00:06 
-S PROC_IBU_REPLACE_LDE_RPM    00:06:03 
-S PROC_IBU_LOAD_CLUSTER_CONF    00:07:20 
-S PROC_IBU_INSTALL_EVIP_ENCAPSULATOR    00:00:00 
NI PROC_IBU_WAIT_AIT    00:00:08 
NI PROC_CLEAR_INITC2LCHANGES    00:00:00 
NI PROC_IBU_IMPORT_NODE_CONFIG_SDP    00:00:04 
NI PROC_IBU_UPDATE_NEW_NODE_CONFIG    00:00:00 
NI PROC_ASSOCID_SCHEMA_SQL_EXTENSION    00:00:00 
NI PROC_SET_SMART_HW_ALARM_OFF    00:00:00 
NI PROC_IBU_DEPLOY_CONFIG    00:00:02 
NI PROC_IBU_CONFIGURE_CUDB_AUTOMATED_INSTALL    00:00:00 
NI PROC_IBU_EXECUTE_CUDB_AUTOMATED_INSTALL    00:39:17 
